<?xml version="1.0" encoding="UTF-8"?>
<testsuite xmlns:xsi="http://www.w3.org/2001/XMLSchema-instance" xsi:noNamespaceSchemaLocation="https://maven.apache.org/surefire/maven-surefire-plugin/xsd/surefire-test-report-3.0.xsd" version="3.0" name="com.jupitertoys.RunCucumberTest" time="36.935" tests="1" errors="0" skipped="0" failures="0">
  <properties>
    <property name="java.specification.version" value="17"/>
    <property name="webdriver.chrome.driver" value="C:\Users\ygunarthna\.cache\selenium\chromedriver\win32\113.0.5672.63\chromedriver.exe"/>
    <property name="sun.cpu.isalist" value="amd64"/>
    <property name="sun.jnu.encoding" value="Cp1252"/>
    <property name="java.class.path" value="c:\Users\ygunarthna\workspace\cucumber_selenium_testing\jupiter\target\test-classes;c:\Users\ygunarthna\workspace\cucumber_selenium_testing\jupiter\target\classes;C:\Users\ygunarthna\.m2\repository\com\google\code\gson\gson\2.10.1\gson-2.10.1.jar;C:\Users\ygunarthna\.m2\repository\io\cucumber\cucumber-java\7.0.0\cucumber-java-7.0.0.jar;C:\Users\ygunarthna\.m2\repository\io\cucumber\cucumber-core\7.11.1\cucumber-core-7.11.1.jar;C:\Users\ygunarthna\.m2\repository\io\cucumber\cucumber-gherkin\7.11.1\cucumber-gherkin-7.11.1.jar;C:\Users\ygunarthna\.m2\repository\io\cucumber\cucumber-gherkin-messages\7.11.1\cucumber-gherkin-messages-7.11.1.jar;C:\Users\ygunarthna\.m2\repository\io\cucumber\gherkin\26.0.3\gherkin-26.0.3.jar;C:\Users\ygunarthna\.m2\repository\io\cucumber\messages\21.0.1\messages-21.0.1.jar;C:\Users\ygunarthna\.m2\repository\io\cucumber\tag-expressions\5.0.1\tag-expressions-5.0.1.jar;C:\Users\ygunarthna\.m2\repository\io\cucumber\cucumber-expressions\16.1.2\cucumber-expressions-16.1.2.jar;C:\Users\ygunarthna\.m2\repository\io\cucumber\datatable\7.11.1\datatable-7.11.1.jar;C:\Users\ygunarthna\.m2\repository\io\cucumber\cucumber-plugin\7.11.1\cucumber-plugin-7.11.1.jar;C:\Users\ygunarthna\.m2\repository\io\cucumber\docstring\7.11.1\docstring-7.11.1.jar;C:\Users\ygunarthna\.m2\repository\io\cucumber\html-formatter\20.2.1\html-formatter-20.2.1.jar;C:\Users\ygunarthna\.m2\repository\io\cucumber\junit-xml-formatter\0.1.0\junit-xml-formatter-0.1.0.jar;C:\Users\ygunarthna\.m2\repository\io\cucumber\ci-environment\9.1.0\ci-environment-9.1.0.jar;C:\Users\ygunarthna\.m2\repository\org\apiguardian\apiguardian-api\1.1.2\apiguardian-api-1.1.2.jar;C:\Users\ygunarthna\.m2\repository\io\cucumber\cucumber-junit-platform-engine\7.11.1\cucumber-junit-platform-engine-7.11.1.jar;C:\Users\ygunarthna\.m2\repository\org\junit\platform\junit-platform-engine\1.9.2\junit-platform-engine-1.9.2.jar;C:\Users\ygunarthna\.m2\repository\org\opentest4j\opentest4j\1.2.0\opentest4j-1.2.0.jar;C:\Users\ygunarthna\.m2\repository\org\junit\platform\junit-platform-commons\1.9.2\junit-platform-commons-1.9.2.jar;C:\Users\ygunarthna\.m2\repository\org\seleniumhq\selenium\selenium-java\4.8.3\selenium-java-4.8.3.jar;C:\Users\ygunarthna\.m2\repository\org\seleniumhq\selenium\selenium-api\4.8.3\selenium-api-4.8.3.jar;C:\Users\ygunarthna\.m2\repository\org\seleniumhq\selenium\selenium-chrome-driver\4.8.3\selenium-chrome-driver-4.8.3.jar;C:\Users\ygunarthna\.m2\repository\com\google\auto\service\auto-service-annotations\1.0.1\auto-service-annotations-1.0.1.jar;C:\Users\ygunarthna\.m2\repository\com\google\auto\service\auto-service\1.0.1\auto-service-1.0.1.jar;C:\Users\ygunarthna\.m2\repository\com\google\auto\auto-common\1.2\auto-common-1.2.jar;C:\Users\ygunarthna\.m2\repository\com\google\guava\guava\31.1-jre\guava-31.1-jre.jar;C:\Users\ygunarthna\.m2\repository\com\google\guava\failureaccess\1.0.1\failureaccess-1.0.1.jar;C:\Users\ygunarthna\.m2\repository\com\google\guava\listenablefuture\9999.0-empty-to-avoid-conflict-with-guava\listenablefuture-9999.0-empty-to-avoid-conflict-with-guava.jar;C:\Users\ygunarthna\.m2\repository\org\checkerframework\checker-qual\3.12.0\checker-qual-3.12.0.jar;C:\Users\ygunarthna\.m2\repository\com\google\errorprone\error_prone_annotations\2.11.0\error_prone_annotations-2.11.0.jar;C:\Users\ygunarthna\.m2\repository\com\google\j2objc\j2objc-annotations\1.3\j2objc-annotations-1.3.jar;C:\Users\ygunarthna\.m2\repository\org\seleniumhq\selenium\selenium-chromium-driver\4.8.3\selenium-chromium-driver-4.8.3.jar;C:\Users\ygunarthna\.m2\repository\org\seleniumhq\selenium\selenium-json\4.8.3\selenium-json-4.8.3.jar;C:\Users\ygunarthna\.m2\repository\org\seleniumhq\selenium\selenium-manager\4.8.3\selenium-manager-4.8.3.jar;C:\Users\ygunarthna\.m2\repository\org\seleniumhq\selenium\selenium-devtools-v109\4.8.3\selenium-devtools-v109-4.8.3.jar;C:\Users\ygunarthna\.m2\repository\org\seleniumhq\selenium\selenium-devtools-v110\4.8.3\selenium-devtools-v110-4.8.3.jar;C:\Users\ygunarthna\.m2\repository\org\seleniumhq\selenium\selenium-devtools-v111\4.8.3\selenium-devtools-v111-4.8.3.jar;C:\Users\ygunarthna\.m2\repository\org\seleniumhq\selenium\selenium-devtools-v85\4.8.3\selenium-devtools-v85-4.8.3.jar;C:\Users\ygunarthna\.m2\repository\org\seleniumhq\selenium\selenium-edge-driver\4.8.3\selenium-edge-driver-4.8.3.jar;C:\Users\ygunarthna\.m2\repository\org\seleniumhq\selenium\selenium-firefox-driver\4.8.3\selenium-firefox-driver-4.8.3.jar;C:\Users\ygunarthna\.m2\repository\org\seleniumhq\selenium\selenium-http\4.8.3\selenium-http-4.8.3.jar;C:\Users\ygunarthna\.m2\repository\dev\failsafe\failsafe\3.3.1\failsafe-3.3.1.jar;C:\Users\ygunarthna\.m2\repository\org\seleniumhq\selenium\selenium-ie-driver\4.8.3\selenium-ie-driver-4.8.3.jar;C:\Users\ygunarthna\.m2\repository\org\seleniumhq\selenium\selenium-remote-driver\4.8.3\selenium-remote-driver-4.8.3.jar;C:\Users\ygunarthna\.m2\repository\com\beust\jcommander\1.82\jcommander-1.82.jar;C:\Users\ygunarthna\.m2\repository\io\netty\netty-buffer\4.1.90.Final\netty-buffer-4.1.90.Final.jar;C:\Users\ygunarthna\.m2\repository\io\netty\netty-codec-http\4.1.90.Final\netty-codec-http-4.1.90.Final.jar;C:\Users\ygunarthna\.m2\repository\io\netty\netty-codec\4.1.90.Final\netty-codec-4.1.90.Final.jar;C:\Users\ygunarthna\.m2\repository\io\netty\netty-handler\4.1.90.Final\netty-handler-4.1.90.Final.jar;C:\Users\ygunarthna\.m2\repository\io\netty\netty-common\4.1.90.Final\netty-common-4.1.90.Final.jar;C:\Users\ygunarthna\.m2\repository\io\netty\netty-transport-classes-epoll\4.1.90.Final\netty-transport-classes-epoll-4.1.90.Final.jar;C:\Users\ygunarthna\.m2\repository\io\netty\netty-transport-classes-kqueue\4.1.90.Final\netty-transport-classes-kqueue-4.1.90.Final.jar;C:\Users\ygunarthna\.m2\repository\io\netty\netty-transport-native-epoll\4.1.90.Final\netty-transport-native-epoll-4.1.90.Final.jar;C:\Users\ygunarthna\.m2\repository\io\netty\netty-transport-native-kqueue\4.1.90.Final\netty-transport-native-kqueue-4.1.90.Final.jar;C:\Users\ygunarthna\.m2\repository\io\netty\netty-transport-native-unix-common\4.1.90.Final\netty-transport-native-unix-common-4.1.90.Final.jar;C:\Users\ygunarthna\.m2\repository\io\netty\netty-transport\4.1.90.Final\netty-transport-4.1.90.Final.jar;C:\Users\ygunarthna\.m2\repository\io\netty\netty-resolver\4.1.90.Final\netty-resolver-4.1.90.Final.jar;C:\Users\ygunarthna\.m2\repository\io\opentelemetry\opentelemetry-api\1.24.0\opentelemetry-api-1.24.0.jar;C:\Users\ygunarthna\.m2\repository\io\opentelemetry\opentelemetry-context\1.24.0\opentelemetry-context-1.24.0.jar;C:\Users\ygunarthna\.m2\repository\io\opentelemetry\opentelemetry-exporter-logging\1.24.0\opentelemetry-exporter-logging-1.24.0.jar;C:\Users\ygunarthna\.m2\repository\io\opentelemetry\opentelemetry-sdk-metrics\1.24.0\opentelemetry-sdk-metrics-1.24.0.jar;C:\Users\ygunarthna\.m2\repository\io\opentelemetry\opentelemetry-sdk-logs\1.24.0-alpha\opentelemetry-sdk-logs-1.24.0-alpha.jar;C:\Users\ygunarthna\.m2\repository\io\opentelemetry\opentelemetry-api-logs\1.24.0-alpha\opentelemetry-api-logs-1.24.0-alpha.jar;C:\Users\ygunarthna\.m2\repository\io\opentelemetry\opentelemetry-api-events\1.24.0-alpha\opentelemetry-api-events-1.24.0-alpha.jar;C:\Users\ygunarthna\.m2\repository\io\opentelemetry\opentelemetry-sdk-common\1.24.0\opentelemetry-sdk-common-1.24.0.jar;C:\Users\ygunarthna\.m2\repository\io\opentelemetry\opentelemetry-sdk-extension-autoconfigure-spi\1.24.0\opentelemetry-sdk-extension-autoconfigure-spi-1.24.0.jar;C:\Users\ygunarthna\.m2\repository\io\opentelemetry\opentelemetry-sdk-extension-autoconfigure\1.24.0-alpha\opentelemetry-sdk-extension-autoconfigure-1.24.0-alpha.jar;C:\Users\ygunarthna\.m2\repository\io\opentelemetry\opentelemetry-sdk-trace\1.24.0\opentelemetry-sdk-trace-1.24.0.jar;C:\Users\ygunarthna\.m2\repository\io\opentelemetry\opentelemetry-sdk\1.24.0\opentelemetry-sdk-1.24.0.jar;C:\Users\ygunarthna\.m2\repository\io\opentelemetry\opentelemetry-semconv\1.24.0-alpha\opentelemetry-semconv-1.24.0-alpha.jar;C:\Users\ygunarthna\.m2\repository\io\ous\jtoml\2.0.0\jtoml-2.0.0.jar;C:\Users\ygunarthna\.m2\repository\net\bytebuddy\byte-buddy\1.14.2\byte-buddy-1.14.2.jar;C:\Users\ygunarthna\.m2\repository\org\apache\commons\commons-exec\1.3\commons-exec-1.3.jar;C:\Users\ygunarthna\.m2\repository\org\asynchttpclient\async-http-client\2.12.3\async-http-client-2.12.3.jar;C:\Users\ygunarthna\.m2\repository\org\asynchttpclient\async-http-client-netty-utils\2.12.3\async-http-client-netty-utils-2.12.3.jar;C:\Users\ygunarthna\.m2\repository\io\netty\netty-codec-socks\4.1.60.Final\netty-codec-socks-4.1.60.Final.jar;C:\Users\ygunarthna\.m2\repository\io\netty\netty-handler-proxy\4.1.60.Final\netty-handler-proxy-4.1.60.Final.jar;C:\Users\ygunarthna\.m2\repository\io\netty\netty-transport-native-epoll\4.1.60.Final\netty-transport-native-epoll-4.1.60.Final-linux-x86_64.jar;C:\Users\ygunarthna\.m2\repository\io\netty\netty-transport-native-kqueue\4.1.60.Final\netty-transport-native-kqueue-4.1.60.Final-osx-x86_64.jar;C:\Users\ygunarthna\.m2\repository\org\reactivestreams\reactive-streams\1.0.3\reactive-streams-1.0.3.jar;C:\Users\ygunarthna\.m2\repository\com\typesafe\netty\netty-reactive-streams\2.0.4\netty-reactive-streams-2.0.4.jar;C:\Users\ygunarthna\.m2\repository\com\sun\activation\jakarta.activation\1.2.2\jakarta.activation-1.2.2.jar;C:\Users\ygunarthna\.m2\repository\org\seleniumhq\selenium\selenium-safari-driver\4.8.3\selenium-safari-driver-4.8.3.jar;C:\Users\ygunarthna\.m2\repository\org\seleniumhq\selenium\selenium-support\4.8.3\selenium-support-4.8.3.jar;C:\Users\ygunarthna\.m2\repository\io\github\bonigarcia\webdrivermanager\5.3.2\webdrivermanager-5.3.2.jar;C:\Users\ygunarthna\.m2\repository\org\slf4j\slf4j-api\2.0.6\slf4j-api-2.0.6.jar;C:\Users\ygunarthna\.m2\repository\com\github\docker-java\docker-java\3.2.14\docker-java-3.2.14.jar;C:\Users\ygunarthna\.m2\repository\com\github\docker-java\docker-java-core\3.2.14\docker-java-core-3.2.14.jar;C:\Users\ygunarthna\.m2\repository\com\github\docker-java\docker-java-api\3.2.14\docker-java-api-3.2.14.jar;C:\Users\ygunarthna\.m2\repository\com\fasterxml\jackson\core\jackson-annotations\2.10.3\jackson-annotations-2.10.3.jar;C:\Users\ygunarthna\.m2\repository\commons-io\commons-io\2.6\commons-io-2.6.jar;C:\Users\ygunarthna\.m2\repository\org\apache\commons\commons-compress\1.21\commons-compress-1.21.jar;C:\Users\ygunarthna\.m2\repository\com\fasterxml\jackson\core\jackson-databind\2.10.3\jackson-databind-2.10.3.jar;C:\Users\ygunarthna\.m2\repository\com\fasterxml\jackson\core\jackson-core\2.10.3\jackson-core-2.10.3.jar;C:\Users\ygunarthna\.m2\repository\org\bouncycastle\bcpkix-jdk15on\1.64\bcpkix-jdk15on-1.64.jar;C:\Users\ygunarthna\.m2\repository\org\bouncycastle\bcprov-jdk15on\1.64\bcprov-jdk15on-1.64.jar;C:\Users\ygunarthna\.m2\repository\org\slf4j\jcl-over-slf4j\1.7.30\jcl-over-slf4j-1.7.30.jar;C:\Users\ygunarthna\.m2\repository\com\github\docker-java\docker-java-transport-httpclient5\3.2.14\docker-java-transport-httpclient5-3.2.14.jar;C:\Users\ygunarthna\.m2\repository\com\github\docker-java\docker-java-transport\3.2.14\docker-java-transport-3.2.14.jar;C:\Users\ygunarthna\.m2\repository\net\java\dev\jna\jna\5.12.1\jna-5.12.1.jar;C:\Users\ygunarthna\.m2\repository\org\brotli\dec\0.1.2\dec-0.1.2.jar;C:\Users\ygunarthna\.m2\repository\org\apache\commons\commons-lang3\3.12.0\commons-lang3-3.12.0.jar;C:\Users\ygunarthna\.m2\repository\org\apache\httpcomponents\client5\httpclient5\5.2.1\httpclient5-5.2.1.jar;C:\Users\ygunarthna\.m2\repository\org\apache\httpcomponents\core5\httpcore5\5.2\httpcore5-5.2.jar;C:\Users\ygunarthna\.m2\repository\org\apache\httpcomponents\core5\httpcore5-h2\5.2\httpcore5-h2-5.2.jar;C:\Users\ygunarthna\.m2\repository\io\cucumber\cucumber-junit\6.11.0\cucumber-junit-6.11.0.jar;C:\Users\ygunarthna\.m2\repository\junit\junit\4.13.2\junit-4.13.2.jar;C:\Users\ygunarthna\.m2\repository\org\hamcrest\hamcrest-core\1.3\hamcrest-core-1.3.jar;C:\Users\ygunarthna\.m2\repository\io\cucumber\cucumber-testng\6.11.0\cucumber-testng-6.11.0.jar;C:\Users\ygunarthna\.m2\repository\org\testng\testng\7.4.0\testng-7.4.0.jar;C:\Users\ygunarthna\.m2\repository\org\webjars\jquery\3.5.1\jquery-3.5.1.jar;C:\Users\ygunarthna\.m2\repository\io\cucumber\cucumber-picocontainer\6.11.0\cucumber-picocontainer-6.11.0.jar;C:\Users\ygunarthna\.m2\repository\org\picocontainer\picocontainer\2.15\picocontainer-2.15.jar;C:\Users\ygunarthna\.m2\repository\org\junit\platform\junit-platform-suite\1.9.2\junit-platform-suite-1.9.2.jar;C:\Users\ygunarthna\.m2\repository\org\junit\platform\junit-platform-suite-api\1.9.2\junit-platform-suite-api-1.9.2.jar;C:\Users\ygunarthna\.m2\repository\org\junit\platform\junit-platform-suite-engine\1.9.2\junit-platform-suite-engine-1.9.2.jar;C:\Users\ygunarthna\.m2\repository\org\junit\platform\junit-platform-suite-commons\1.9.2\junit-platform-suite-commons-1.9.2.jar;C:\Users\ygunarthna\.m2\repository\org\junit\platform\junit-platform-launcher\1.9.2\junit-platform-launcher-1.9.2.jar;C:\Users\ygunarthna\.m2\repository\org\junit\jupiter\junit-jupiter\5.9.2\junit-jupiter-5.9.2.jar;C:\Users\ygunarthna\.m2\repository\org\junit\jupiter\junit-jupiter-api\5.9.2\junit-jupiter-api-5.9.2.jar;C:\Users\ygunarthna\.m2\repository\org\junit\jupiter\junit-jupiter-params\5.9.2\junit-jupiter-params-5.9.2.jar;C:\Users\ygunarthna\.m2\repository\org\junit\jupiter\junit-jupiter-engine\5.9.2\junit-jupiter-engine-5.9.2.jar;C:\Users\ygunarthna\.m2\repository\io\rest-assured\rest-assured\5.3.0\rest-assured-5.3.0.jar;C:\Users\ygunarthna\.m2\repository\org\apache\groovy\groovy\4.0.6\groovy-4.0.6.jar;C:\Users\ygunarthna\.m2\repository\org\apache\groovy\groovy-xml\4.0.6\groovy-xml-4.0.6.jar;C:\Users\ygunarthna\.m2\repository\org\apache\httpcomponents\httpclient\4.5.13\httpclient-4.5.13.jar;C:\Users\ygunarthna\.m2\repository\org\apache\httpcomponents\httpcore\4.4.13\httpcore-4.4.13.jar;C:\Users\ygunarthna\.m2\repository\commons-logging\commons-logging\1.2\commons-logging-1.2.jar;C:\Users\ygunarthna\.m2\repository\commons-codec\commons-codec\1.11\commons-codec-1.11.jar;C:\Users\ygunarthna\.m2\repository\org\apache\httpcomponents\httpmime\4.5.13\httpmime-4.5.13.jar;C:\Users\ygunarthna\.m2\repository\org\hamcrest\hamcrest\2.1\hamcrest-2.1.jar;C:\Users\ygunarthna\.m2\repository\org\ccil\cowan\tagsoup\tagsoup\1.2.1\tagsoup-1.2.1.jar;C:\Users\ygunarthna\.m2\repository\io\rest-assured\json-path\5.3.0\json-path-5.3.0.jar;C:\Users\ygunarthna\.m2\repository\org\apache\groovy\groovy-json\4.0.6\groovy-json-4.0.6.jar;C:\Users\ygunarthna\.m2\repository\io\rest-assured\rest-assured-common\5.3.0\rest-assured-common-5.3.0.jar;C:\Users\ygunarthna\.m2\repository\io\rest-assured\xml-path\5.3.0\xml-path-5.3.0.jar;C:\Users\ygunarthna\.m2\repository\org\json\json\20230227\json-20230227.jar;C:\Users\ygunarthna\.m2\repository\io\rest-assured\json-schema-validator\5.3.0\json-schema-validator-5.3.0.jar;C:\Users\ygunarthna\.m2\repository\com\github\java-json-tools\json-schema-validator\2.2.14\json-schema-validator-2.2.14.jar;C:\Users\ygunarthna\.m2\repository\com\github\java-json-tools\jackson-coreutils-equivalence\1.0\jackson-coreutils-equivalence-1.0.jar;C:\Users\ygunarthna\.m2\repository\com\github\java-json-tools\jackson-coreutils\2.0\jackson-coreutils-2.0.jar;C:\Users\ygunarthna\.m2\repository\com\github\java-json-tools\msg-simple\1.2\msg-simple-1.2.jar;C:\Users\ygunarthna\.m2\repository\com\github\java-json-tools\btf\1.3\btf-1.3.jar;C:\Users\ygunarthna\.m2\repository\com\github\java-json-tools\json-schema-core\1.2.14\json-schema-core-1.2.14.jar;C:\Users\ygunarthna\.m2\repository\com\github\java-json-tools\uri-template\0.10\uri-template-0.10.jar;C:\Users\ygunarthna\.m2\repository\org\mozilla\rhino\1.7.7.2\rhino-1.7.7.2.jar;C:\Users\ygunarthna\.m2\repository\com\sun\mail\mailapi\1.6.2\mailapi-1.6.2.jar;C:\Users\ygunarthna\.m2\repository\joda-time\joda-time\2.10.5\joda-time-2.10.5.jar;C:\Users\ygunarthna\.m2\repository\com\googlecode\libphonenumber\libphonenumber\8.11.1\libphonenumber-8.11.1.jar;C:\Users\ygunarthna\.m2\repository\com\google\code\findbugs\jsr305\3.0.2\jsr305-3.0.2.jar;C:\Users\ygunarthna\.m2\repository\net\sf\jopt-simple\jopt-simple\5.0.4\jopt-simple-5.0.4.jar;C:\Users\ygunarthna\.m2\repository\javax\persistence\javax.persistence-api\2.2\javax.persistence-api-2.2.jar;"/>
    <property name="java.vm.vendor" value="Oracle Corporation"/>
    <property name="sun.arch.data.model" value="64"/>
    <property name="user.variant" value=""/>
    <property name="java.vendor.url" value="https://java.oracle.com/"/>
    <property name="user.timezone" value="Australia/Sydney"/>
    <property name="os.name" value="Windows 10"/>
    <property name="java.vm.specification.version" value="17"/>
    <property name="sun.java.launcher" value="SUN_STANDARD"/>
    <property name="user.country" value="AU"/>
    <property name="sun.boot.library.path" value="C:\Program Files\Java\jdk-17\bin"/>
    <property name="sun.java.command" value="C:\Users\ygunarthna\AppData\Local\Temp\surefire7852890824929055136\surefirebooter-20230523091216354_3.jar C:\Users\ygunarthna\AppData\Local\Temp\surefire7852890824929055136 2023-05-23T09-12-15_637-jvmRun1 surefire-20230523091216354_1tmp surefire_0-20230523091216354_2tmp"/>
    <property name="jdk.debug" value="release"/>
    <property name="surefire.test.class.path" value="c:\Users\ygunarthna\workspace\cucumber_selenium_testing\jupiter\target\test-classes;c:\Users\ygunarthna\workspace\cucumber_selenium_testing\jupiter\target\classes;C:\Users\ygunarthna\.m2\repository\com\google\code\gson\gson\2.10.1\gson-2.10.1.jar;C:\Users\ygunarthna\.m2\repository\io\cucumber\cucumber-java\7.0.0\cucumber-java-7.0.0.jar;C:\Users\ygunarthna\.m2\repository\io\cucumber\cucumber-core\7.11.1\cucumber-core-7.11.1.jar;C:\Users\ygunarthna\.m2\repository\io\cucumber\cucumber-gherkin\7.11.1\cucumber-gherkin-7.11.1.jar;C:\Users\ygunarthna\.m2\repository\io\cucumber\cucumber-gherkin-messages\7.11.1\cucumber-gherkin-messages-7.11.1.jar;C:\Users\ygunarthna\.m2\repository\io\cucumber\gherkin\26.0.3\gherkin-26.0.3.jar;C:\Users\ygunarthna\.m2\repository\io\cucumber\messages\21.0.1\messages-21.0.1.jar;C:\Users\ygunarthna\.m2\repository\io\cucumber\tag-expressions\5.0.1\tag-expressions-5.0.1.jar;C:\Users\ygunarthna\.m2\repository\io\cucumber\cucumber-expressions\16.1.2\cucumber-expressions-16.1.2.jar;C:\Users\ygunarthna\.m2\repository\io\cucumber\datatable\7.11.1\datatable-7.11.1.jar;C:\Users\ygunarthna\.m2\repository\io\cucumber\cucumber-plugin\7.11.1\cucumber-plugin-7.11.1.jar;C:\Users\ygunarthna\.m2\repository\io\cucumber\docstring\7.11.1\docstring-7.11.1.jar;C:\Users\ygunarthna\.m2\repository\io\cucumber\html-formatter\20.2.1\html-formatter-20.2.1.jar;C:\Users\ygunarthna\.m2\repository\io\cucumber\junit-xml-formatter\0.1.0\junit-xml-formatter-0.1.0.jar;C:\Users\ygunarthna\.m2\repository\io\cucumber\ci-environment\9.1.0\ci-environment-9.1.0.jar;C:\Users\ygunarthna\.m2\repository\org\apiguardian\apiguardian-api\1.1.2\apiguardian-api-1.1.2.jar;C:\Users\ygunarthna\.m2\repository\io\cucumber\cucumber-junit-platform-engine\7.11.1\cucumber-junit-platform-engine-7.11.1.jar;C:\Users\ygunarthna\.m2\repository\org\junit\platform\junit-platform-engine\1.9.2\junit-platform-engine-1.9.2.jar;C:\Users\ygunarthna\.m2\repository\org\opentest4j\opentest4j\1.2.0\opentest4j-1.2.0.jar;C:\Users\ygunarthna\.m2\repository\org\junit\platform\junit-platform-commons\1.9.2\junit-platform-commons-1.9.2.jar;C:\Users\ygunarthna\.m2\repository\org\seleniumhq\selenium\selenium-java\4.8.3\selenium-java-4.8.3.jar;C:\Users\ygunarthna\.m2\repository\org\seleniumhq\selenium\selenium-api\4.8.3\selenium-api-4.8.3.jar;C:\Users\ygunarthna\.m2\repository\org\seleniumhq\selenium\selenium-chrome-driver\4.8.3\selenium-chrome-driver-4.8.3.jar;C:\Users\ygunarthna\.m2\repository\com\google\auto\service\auto-service-annotations\1.0.1\auto-service-annotations-1.0.1.jar;C:\Users\ygunarthna\.m2\repository\com\google\auto\service\auto-service\1.0.1\auto-service-1.0.1.jar;C:\Users\ygunarthna\.m2\repository\com\google\auto\auto-common\1.2\auto-common-1.2.jar;C:\Users\ygunarthna\.m2\repository\com\google\guava\guava\31.1-jre\guava-31.1-jre.jar;C:\Users\ygunarthna\.m2\repository\com\google\guava\failureaccess\1.0.1\failureaccess-1.0.1.jar;C:\Users\ygunarthna\.m2\repository\com\google\guava\listenablefuture\9999.0-empty-to-avoid-conflict-with-guava\listenablefuture-9999.0-empty-to-avoid-conflict-with-guava.jar;C:\Users\ygunarthna\.m2\repository\org\checkerframework\checker-qual\3.12.0\checker-qual-3.12.0.jar;C:\Users\ygunarthna\.m2\repository\com\google\errorprone\error_prone_annotations\2.11.0\error_prone_annotations-2.11.0.jar;C:\Users\ygunarthna\.m2\repository\com\google\j2objc\j2objc-annotations\1.3\j2objc-annotations-1.3.jar;C:\Users\ygunarthna\.m2\repository\org\seleniumhq\selenium\selenium-chromium-driver\4.8.3\selenium-chromium-driver-4.8.3.jar;C:\Users\ygunarthna\.m2\repository\org\seleniumhq\selenium\selenium-json\4.8.3\selenium-json-4.8.3.jar;C:\Users\ygunarthna\.m2\repository\org\seleniumhq\selenium\selenium-manager\4.8.3\selenium-manager-4.8.3.jar;C:\Users\ygunarthna\.m2\repository\org\seleniumhq\selenium\selenium-devtools-v109\4.8.3\selenium-devtools-v109-4.8.3.jar;C:\Users\ygunarthna\.m2\repository\org\seleniumhq\selenium\selenium-devtools-v110\4.8.3\selenium-devtools-v110-4.8.3.jar;C:\Users\ygunarthna\.m2\repository\org\seleniumhq\selenium\selenium-devtools-v111\4.8.3\selenium-devtools-v111-4.8.3.jar;C:\Users\ygunarthna\.m2\repository\org\seleniumhq\selenium\selenium-devtools-v85\4.8.3\selenium-devtools-v85-4.8.3.jar;C:\Users\ygunarthna\.m2\repository\org\seleniumhq\selenium\selenium-edge-driver\4.8.3\selenium-edge-driver-4.8.3.jar;C:\Users\ygunarthna\.m2\repository\org\seleniumhq\selenium\selenium-firefox-driver\4.8.3\selenium-firefox-driver-4.8.3.jar;C:\Users\ygunarthna\.m2\repository\org\seleniumhq\selenium\selenium-http\4.8.3\selenium-http-4.8.3.jar;C:\Users\ygunarthna\.m2\repository\dev\failsafe\failsafe\3.3.1\failsafe-3.3.1.jar;C:\Users\ygunarthna\.m2\repository\org\seleniumhq\selenium\selenium-ie-driver\4.8.3\selenium-ie-driver-4.8.3.jar;C:\Users\ygunarthna\.m2\repository\org\seleniumhq\selenium\selenium-remote-driver\4.8.3\selenium-remote-driver-4.8.3.jar;C:\Users\ygunarthna\.m2\repository\com\beust\jcommander\1.82\jcommander-1.82.jar;C:\Users\ygunarthna\.m2\repository\io\netty\netty-buffer\4.1.90.Final\netty-buffer-4.1.90.Final.jar;C:\Users\ygunarthna\.m2\repository\io\netty\netty-codec-http\4.1.90.Final\netty-codec-http-4.1.90.Final.jar;C:\Users\ygunarthna\.m2\repository\io\netty\netty-codec\4.1.90.Final\netty-codec-4.1.90.Final.jar;C:\Users\ygunarthna\.m2\repository\io\netty\netty-handler\4.1.90.Final\netty-handler-4.1.90.Final.jar;C:\Users\ygunarthna\.m2\repository\io\netty\netty-common\4.1.90.Final\netty-common-4.1.90.Final.jar;C:\Users\ygunarthna\.m2\repository\io\netty\netty-transport-classes-epoll\4.1.90.Final\netty-transport-classes-epoll-4.1.90.Final.jar;C:\Users\ygunarthna\.m2\repository\io\netty\netty-transport-classes-kqueue\4.1.90.Final\netty-transport-classes-kqueue-4.1.90.Final.jar;C:\Users\ygunarthna\.m2\repository\io\netty\netty-transport-native-epoll\4.1.90.Final\netty-transport-native-epoll-4.1.90.Final.jar;C:\Users\ygunarthna\.m2\repository\io\netty\netty-transport-native-kqueue\4.1.90.Final\netty-transport-native-kqueue-4.1.90.Final.jar;C:\Users\ygunarthna\.m2\repository\io\netty\netty-transport-native-unix-common\4.1.90.Final\netty-transport-native-unix-common-4.1.90.Final.jar;C:\Users\ygunarthna\.m2\repository\io\netty\netty-transport\4.1.90.Final\netty-transport-4.1.90.Final.jar;C:\Users\ygunarthna\.m2\repository\io\netty\netty-resolver\4.1.90.Final\netty-resolver-4.1.90.Final.jar;C:\Users\ygunarthna\.m2\repository\io\opentelemetry\opentelemetry-api\1.24.0\opentelemetry-api-1.24.0.jar;C:\Users\ygunarthna\.m2\repository\io\opentelemetry\opentelemetry-context\1.24.0\opentelemetry-context-1.24.0.jar;C:\Users\ygunarthna\.m2\repository\io\opentelemetry\opentelemetry-exporter-logging\1.24.0\opentelemetry-exporter-logging-1.24.0.jar;C:\Users\ygunarthna\.m2\repository\io\opentelemetry\opentelemetry-sdk-metrics\1.24.0\opentelemetry-sdk-metrics-1.24.0.jar;C:\Users\ygunarthna\.m2\repository\io\opentelemetry\opentelemetry-sdk-logs\1.24.0-alpha\opentelemetry-sdk-logs-1.24.0-alpha.jar;C:\Users\ygunarthna\.m2\repository\io\opentelemetry\opentelemetry-api-logs\1.24.0-alpha\opentelemetry-api-logs-1.24.0-alpha.jar;C:\Users\ygunarthna\.m2\repository\io\opentelemetry\opentelemetry-api-events\1.24.0-alpha\opentelemetry-api-events-1.24.0-alpha.jar;C:\Users\ygunarthna\.m2\repository\io\opentelemetry\opentelemetry-sdk-common\1.24.0\opentelemetry-sdk-common-1.24.0.jar;C:\Users\ygunarthna\.m2\repository\io\opentelemetry\opentelemetry-sdk-extension-autoconfigure-spi\1.24.0\opentelemetry-sdk-extension-autoconfigure-spi-1.24.0.jar;C:\Users\ygunarthna\.m2\repository\io\opentelemetry\opentelemetry-sdk-extension-autoconfigure\1.24.0-alpha\opentelemetry-sdk-extension-autoconfigure-1.24.0-alpha.jar;C:\Users\ygunarthna\.m2\repository\io\opentelemetry\opentelemetry-sdk-trace\1.24.0\opentelemetry-sdk-trace-1.24.0.jar;C:\Users\ygunarthna\.m2\repository\io\opentelemetry\opentelemetry-sdk\1.24.0\opentelemetry-sdk-1.24.0.jar;C:\Users\ygunarthna\.m2\repository\io\opentelemetry\opentelemetry-semconv\1.24.0-alpha\opentelemetry-semconv-1.24.0-alpha.jar;C:\Users\ygunarthna\.m2\repository\io\ous\jtoml\2.0.0\jtoml-2.0.0.jar;C:\Users\ygunarthna\.m2\repository\net\bytebuddy\byte-buddy\1.14.2\byte-buddy-1.14.2.jar;C:\Users\ygunarthna\.m2\repository\org\apache\commons\commons-exec\1.3\commons-exec-1.3.jar;C:\Users\ygunarthna\.m2\repository\org\asynchttpclient\async-http-client\2.12.3\async-http-client-2.12.3.jar;C:\Users\ygunarthna\.m2\repository\org\asynchttpclient\async-http-client-netty-utils\2.12.3\async-http-client-netty-utils-2.12.3.jar;C:\Users\ygunarthna\.m2\repository\io\netty\netty-codec-socks\4.1.60.Final\netty-codec-socks-4.1.60.Final.jar;C:\Users\ygunarthna\.m2\repository\io\netty\netty-handler-proxy\4.1.60.Final\netty-handler-proxy-4.1.60.Final.jar;C:\Users\ygunarthna\.m2\repository\io\netty\netty-transport-native-epoll\4.1.60.Final\netty-transport-native-epoll-4.1.60.Final-linux-x86_64.jar;C:\Users\ygunarthna\.m2\repository\io\netty\netty-transport-native-kqueue\4.1.60.Final\netty-transport-native-kqueue-4.1.60.Final-osx-x86_64.jar;C:\Users\ygunarthna\.m2\repository\org\reactivestreams\reactive-streams\1.0.3\reactive-streams-1.0.3.jar;C:\Users\ygunarthna\.m2\repository\com\typesafe\netty\netty-reactive-streams\2.0.4\netty-reactive-streams-2.0.4.jar;C:\Users\ygunarthna\.m2\repository\com\sun\activation\jakarta.activation\1.2.2\jakarta.activation-1.2.2.jar;C:\Users\ygunarthna\.m2\repository\org\seleniumhq\selenium\selenium-safari-driver\4.8.3\selenium-safari-driver-4.8.3.jar;C:\Users\ygunarthna\.m2\repository\org\seleniumhq\selenium\selenium-support\4.8.3\selenium-support-4.8.3.jar;C:\Users\ygunarthna\.m2\repository\io\github\bonigarcia\webdrivermanager\5.3.2\webdrivermanager-5.3.2.jar;C:\Users\ygunarthna\.m2\repository\org\slf4j\slf4j-api\2.0.6\slf4j-api-2.0.6.jar;C:\Users\ygunarthna\.m2\repository\com\github\docker-java\docker-java\3.2.14\docker-java-3.2.14.jar;C:\Users\ygunarthna\.m2\repository\com\github\docker-java\docker-java-core\3.2.14\docker-java-core-3.2.14.jar;C:\Users\ygunarthna\.m2\repository\com\github\docker-java\docker-java-api\3.2.14\docker-java-api-3.2.14.jar;C:\Users\ygunarthna\.m2\repository\com\fasterxml\jackson\core\jackson-annotations\2.10.3\jackson-annotations-2.10.3.jar;C:\Users\ygunarthna\.m2\repository\commons-io\commons-io\2.6\commons-io-2.6.jar;C:\Users\ygunarthna\.m2\repository\org\apache\commons\commons-compress\1.21\commons-compress-1.21.jar;C:\Users\ygunarthna\.m2\repository\com\fasterxml\jackson\core\jackson-databind\2.10.3\jackson-databind-2.10.3.jar;C:\Users\ygunarthna\.m2\repository\com\fasterxml\jackson\core\jackson-core\2.10.3\jackson-core-2.10.3.jar;C:\Users\ygunarthna\.m2\repository\org\bouncycastle\bcpkix-jdk15on\1.64\bcpkix-jdk15on-1.64.jar;C:\Users\ygunarthna\.m2\repository\org\bouncycastle\bcprov-jdk15on\1.64\bcprov-jdk15on-1.64.jar;C:\Users\ygunarthna\.m2\repository\org\slf4j\jcl-over-slf4j\1.7.30\jcl-over-slf4j-1.7.30.jar;C:\Users\ygunarthna\.m2\repository\com\github\docker-java\docker-java-transport-httpclient5\3.2.14\docker-java-transport-httpclient5-3.2.14.jar;C:\Users\ygunarthna\.m2\repository\com\github\docker-java\docker-java-transport\3.2.14\docker-java-transport-3.2.14.jar;C:\Users\ygunarthna\.m2\repository\net\java\dev\jna\jna\5.12.1\jna-5.12.1.jar;C:\Users\ygunarthna\.m2\repository\org\brotli\dec\0.1.2\dec-0.1.2.jar;C:\Users\ygunarthna\.m2\repository\org\apache\commons\commons-lang3\3.12.0\commons-lang3-3.12.0.jar;C:\Users\ygunarthna\.m2\repository\org\apache\httpcomponents\client5\httpclient5\5.2.1\httpclient5-5.2.1.jar;C:\Users\ygunarthna\.m2\repository\org\apache\httpcomponents\core5\httpcore5\5.2\httpcore5-5.2.jar;C:\Users\ygunarthna\.m2\repository\org\apache\httpcomponents\core5\httpcore5-h2\5.2\httpcore5-h2-5.2.jar;C:\Users\ygunarthna\.m2\repository\io\cucumber\cucumber-junit\6.11.0\cucumber-junit-6.11.0.jar;C:\Users\ygunarthna\.m2\repository\junit\junit\4.13.2\junit-4.13.2.jar;C:\Users\ygunarthna\.m2\repository\org\hamcrest\hamcrest-core\1.3\hamcrest-core-1.3.jar;C:\Users\ygunarthna\.m2\repository\io\cucumber\cucumber-testng\6.11.0\cucumber-testng-6.11.0.jar;C:\Users\ygunarthna\.m2\repository\org\testng\testng\7.4.0\testng-7.4.0.jar;C:\Users\ygunarthna\.m2\repository\org\webjars\jquery\3.5.1\jquery-3.5.1.jar;C:\Users\ygunarthna\.m2\repository\io\cucumber\cucumber-picocontainer\6.11.0\cucumber-picocontainer-6.11.0.jar;C:\Users\ygunarthna\.m2\repository\org\picocontainer\picocontainer\2.15\picocontainer-2.15.jar;C:\Users\ygunarthna\.m2\repository\org\junit\platform\junit-platform-suite\1.9.2\junit-platform-suite-1.9.2.jar;C:\Users\ygunarthna\.m2\repository\org\junit\platform\junit-platform-suite-api\1.9.2\junit-platform-suite-api-1.9.2.jar;C:\Users\ygunarthna\.m2\repository\org\junit\platform\junit-platform-suite-engine\1.9.2\junit-platform-suite-engine-1.9.2.jar;C:\Users\ygunarthna\.m2\repository\org\junit\platform\junit-platform-suite-commons\1.9.2\junit-platform-suite-commons-1.9.2.jar;C:\Users\ygunarthna\.m2\repository\org\junit\platform\junit-platform-launcher\1.9.2\junit-platform-launcher-1.9.2.jar;C:\Users\ygunarthna\.m2\repository\org\junit\jupiter\junit-jupiter\5.9.2\junit-jupiter-5.9.2.jar;C:\Users\ygunarthna\.m2\repository\org\junit\jupiter\junit-jupiter-api\5.9.2\junit-jupiter-api-5.9.2.jar;C:\Users\ygunarthna\.m2\repository\org\junit\jupiter\junit-jupiter-params\5.9.2\junit-jupiter-params-5.9.2.jar;C:\Users\ygunarthna\.m2\repository\org\junit\jupiter\junit-jupiter-engine\5.9.2\junit-jupiter-engine-5.9.2.jar;C:\Users\ygunarthna\.m2\repository\io\rest-assured\rest-assured\5.3.0\rest-assured-5.3.0.jar;C:\Users\ygunarthna\.m2\repository\org\apache\groovy\groovy\4.0.6\groovy-4.0.6.jar;C:\Users\ygunarthna\.m2\repository\org\apache\groovy\groovy-xml\4.0.6\groovy-xml-4.0.6.jar;C:\Users\ygunarthna\.m2\repository\org\apache\httpcomponents\httpclient\4.5.13\httpclient-4.5.13.jar;C:\Users\ygunarthna\.m2\repository\org\apache\httpcomponents\httpcore\4.4.13\httpcore-4.4.13.jar;C:\Users\ygunarthna\.m2\repository\commons-logging\commons-logging\1.2\commons-logging-1.2.jar;C:\Users\ygunarthna\.m2\repository\commons-codec\commons-codec\1.11\commons-codec-1.11.jar;C:\Users\ygunarthna\.m2\repository\org\apache\httpcomponents\httpmime\4.5.13\httpmime-4.5.13.jar;C:\Users\ygunarthna\.m2\repository\org\hamcrest\hamcrest\2.1\hamcrest-2.1.jar;C:\Users\ygunarthna\.m2\repository\org\ccil\cowan\tagsoup\tagsoup\1.2.1\tagsoup-1.2.1.jar;C:\Users\ygunarthna\.m2\repository\io\rest-assured\json-path\5.3.0\json-path-5.3.0.jar;C:\Users\ygunarthna\.m2\repository\org\apache\groovy\groovy-json\4.0.6\groovy-json-4.0.6.jar;C:\Users\ygunarthna\.m2\repository\io\rest-assured\rest-assured-common\5.3.0\rest-assured-common-5.3.0.jar;C:\Users\ygunarthna\.m2\repository\io\rest-assured\xml-path\5.3.0\xml-path-5.3.0.jar;C:\Users\ygunarthna\.m2\repository\org\json\json\20230227\json-20230227.jar;C:\Users\ygunarthna\.m2\repository\io\rest-assured\json-schema-validator\5.3.0\json-schema-validator-5.3.0.jar;C:\Users\ygunarthna\.m2\repository\com\github\java-json-tools\json-schema-validator\2.2.14\json-schema-validator-2.2.14.jar;C:\Users\ygunarthna\.m2\repository\com\github\java-json-tools\jackson-coreutils-equivalence\1.0\jackson-coreutils-equivalence-1.0.jar;C:\Users\ygunarthna\.m2\repository\com\github\java-json-tools\jackson-coreutils\2.0\jackson-coreutils-2.0.jar;C:\Users\ygunarthna\.m2\repository\com\github\java-json-tools\msg-simple\1.2\msg-simple-1.2.jar;C:\Users\ygunarthna\.m2\repository\com\github\java-json-tools\btf\1.3\btf-1.3.jar;C:\Users\ygunarthna\.m2\repository\com\github\java-json-tools\json-schema-core\1.2.14\json-schema-core-1.2.14.jar;C:\Users\ygunarthna\.m2\repository\com\github\java-json-tools\uri-template\0.10\uri-template-0.10.jar;C:\Users\ygunarthna\.m2\repository\org\mozilla\rhino\1.7.7.2\rhino-1.7.7.2.jar;C:\Users\ygunarthna\.m2\repository\com\sun\mail\mailapi\1.6.2\mailapi-1.6.2.jar;C:\Users\ygunarthna\.m2\repository\joda-time\joda-time\2.10.5\joda-time-2.10.5.jar;C:\Users\ygunarthna\.m2\repository\com\googlecode\libphonenumber\libphonenumber\8.11.1\libphonenumber-8.11.1.jar;C:\Users\ygunarthna\.m2\repository\com\google\code\findbugs\jsr305\3.0.2\jsr305-3.0.2.jar;C:\Users\ygunarthna\.m2\repository\net\sf\jopt-simple\jopt-simple\5.0.4\jopt-simple-5.0.4.jar;C:\Users\ygunarthna\.m2\repository\javax\persistence\javax.persistence-api\2.2\javax.persistence-api-2.2.jar;"/>
    <property name="sun.cpu.endian" value="little"/>
    <property name="user.home" value="C:\Users\ygunarthna"/>
    <property name="user.language" value="en"/>
    <property name="java.specification.vendor" value="Oracle Corporation"/>
    <property name="java.version.date" value="2023-04-18"/>
    <property name="java.home" value="C:\Program Files\Java\jdk-17"/>
    <property name="file.separator" value="\"/>
    <property name="basedir" value="c:\Users\ygunarthna\workspace\cucumber_selenium_testing\jupiter"/>
    <property name="java.vm.compressedOopsMode" value="Zero based"/>
    <property name="line.separator" value="&#10;"/>
    <property name="java.vm.specification.vendor" value="Oracle Corporation"/>
    <property name="java.specification.name" value="Java Platform API Specification"/>
    <property name="surefire.real.class.path" value="C:\Users\ygunarthna\AppData\Local\Temp\surefire7852890824929055136\surefirebooter-20230523091216354_3.jar"/>
    <property name="user.script" value=""/>
    <property name="sun.management.compiler" value="HotSpot 64-Bit Tiered Compilers"/>
    <property name="java.runtime.version" value="17.0.7+8-LTS-224"/>
    <property name="user.name" value="ygunarthna"/>
    <property name="path.separator" value=";"/>
    <property name="os.version" value="10.0"/>
    <property name="java.runtime.name" value="Java(TM) SE Runtime Environment"/>
    <property name="file.encoding" value="Cp1252"/>
    <property name="java.vm.name" value="Java HotSpot(TM) 64-Bit Server VM"/>
    <property name="localRepository" value="C:\Users\ygunarthna\.m2\repository"/>
    <property name="java.vendor.url.bug" value="https://bugreport.java.com/bugreport/"/>
    <property name="java.io.tmpdir" value="C:\Users\YGUNAR~1\AppData\Local\Temp\"/>
    <property name="java.version" value="17.0.7"/>
    <property name="user.dir" value="c:\Users\ygunarthna\workspace\cucumber_selenium_testing\jupiter"/>
    <property name="os.arch" value="amd64"/>
    <property name="java.vm.specification.name" value="Java Virtual Machine Specification"/>
    <property name="sun.os.patch.level" value=""/>
    <property name="native.encoding" value="Cp1252"/>
    <property name="java.library.path" value="C:\Program Files\Java\jdk-17\bin;C:\Windows\Sun\Java\bin;C:\Windows\system32;C:\Windows;C:\Program Files\Common Files\Oracle\Java\javapath;C:\Program Files (x86)\Common Files\Oracle\Java\javapath;C:\Windows\system32;C:\Windows;C:\Windows\System32\Wbem;C:\Windows\System32\WindowsPowerShell\v1.0\;C:\Windows\System32\OpenSSH\;C:\Program Files (x86)\NVIDIA Corporation\PhysX\Common;C:\Program Files\WindowsPowerShell\Scripts;C:\Program Files\Microsoft VS Code\bin;C:\Program Files\Git\cmd;C:\Program Files\Docker\Docker\resources\bin;C:\Program Files\Java\jdk-17\bin;C:\apache-maven-3.9.1-bin\apache-maven-3.9.1\bin;%CLIENT_ID%;C:\Users\ygunarthna\AppData\Local\Microsoft\WindowsApps;;."/>
    <property name="java.vm.info" value="mixed mode, sharing"/>
    <property name="java.vendor" value="Oracle Corporation"/>
    <property name="java.vm.version" value="17.0.7+8-LTS-224"/>
    <property name="sun.io.unicode.encoding" value="UnicodeLittle"/>
    <property name="java.class.version" value="61.0"/>
  </properties>
  <testcase name="Verify total cost of bought toys are correct" classname="Shopping Toys" time="36.203">
    <system-out><![CDATA[
Scenario: Verify total cost of bought toys are correct                         &amp#27;[90m# com/jupitertoys/features/ShopingToys.feature:3&amp#27;[0m
This is the browser
  &amp#27;[32mGiven &amp#27;[0m&amp#27;[32mI am in shop page&amp#27;[0m                                                      &amp#27;[90m# com.jupitertoys.stepDefinitions.NavigationStep.iAmInShopPage()&amp#27;[0m
  &amp#27;[32mWhen &amp#27;[0m&amp#27;[32mI buy following items&amp#27;[0m                                                   &amp#27;[90m# com.jupitertoys.stepDefinitions.ShopPageSteps.iBuyFollowingItems(java.util.List<java.util.Map<java.lang.String, java.lang.String>>)&amp#27;[0m
    | Product | Count |
    | Unicorn | 2     |
  &amp#27;[32mAnd &amp#27;[0m&amp#27;[32mI navigate to cart page&amp#27;[0m                                                  &amp#27;[90m# com.jupitertoys.stepDefinitions.NavigationStep.iNavigateToCartPage()&amp#27;[0m
HTTP/1.1 200 
Vary: Origin
Vary: Access-Control-Request-Method
Vary: Access-Control-Request-Headers
X-Content-Type-Options: nosniff
X-XSS-Protection: 1; mode=block
Cache-Control: no-cache, no-store, max-age=0, must-revalidate
Pragma: no-cache
Expires: 0
X-Frame-Options: DENY
Content-Type: application/json
Transfer-Encoding: chunked
Date: Mon, 22 May 2023 23:12:34 GMT
Keep-Alive: timeout=60
Connection: keep-alive

[
    {
        "id": 1,
        "price": 12.99,
        "category": "Stuffed Toys",
        "title": "Teddy Bear",
        "size": "small",
        "image": "https://media2.giphy.com/media/diAhf8bYer76E/giphy.gif?cid=7e157c8bevku94zx1gopjxuh56pj0tzq7cz7464cdclgujge&ep=v1_gifs_search&rid=giphy.gif&ct=g",
        "stock": -2,
        "links": [
            {
                "rel": "self",
                "href": "http://ec2-54-206-101-9.ap-southeast-2.compute.amazonaws.com:7081/toy/1"
            }
        ]
    },
    {
        "id": 2,
        "price": 10.99,
        "category": "Stuffed Toys",
        "title": "Stuffed Frog",
        "size": "small",
        "image": "https://media2.giphy.com/media/JOSK3sA2KNqOtBetwf/giphy.gif?cid=7e157c8b5rwv3ebo5u3mpr0v5v65n0pxjfb5e968utzgqzff&ep=v1_gifs_search&rid=giphy.gif&ct=g",
        "stock": -6,
        "links": [
            {
                "rel": "self",
                "href": "http://ec2-54-206-101-9.ap-southeast-2.compute.amazonaws.com:7081/toy/2"
            }
        ]
    },
    {
        "id": 3,
        "price": 10.99,
        "category": "Stuffed Toys",
        "title": "Handmade Doll",
        "size": "small",
        "image": "https://media4.giphy.com/media/dXjXhxWhtmdm7imbGw/giphy.gif?cid=7e157c8bmteuc91bp2fstpb00599ed0j5n7ud9o8eozxmfnj&ep=v1_gifs_search&rid=giphy.gif&ct=g",
        "stock": -1,
        "links": [
            {
                "rel": "self",
                "href": "http://ec2-54-206-101-9.ap-southeast-2.compute.amazonaws.com:7081/toy/3"
            }
        ]
    },
    {
        "id": 4,
        "price": 9.99,
        "category": "Stuffed Toys",
        "title": "Fluffy Bunny",
        "size": "small",
        "image": "https://media3.giphy.com/media/hrSMjnL0T6sVLSpoqo/giphy.gif?cid=7e157c8bd3c4pw59cvopmoghuvb52roq4adbnmuwuh8bffij&ep=v1_gifs_search&rid=giphy.gif&ct=g",
        "stock": -3,
        "links": [
            {
                "rel": "self",
                "href": "http://ec2-54-206-101-9.ap-southeast-2.compute.amazonaws.com:7081/toy/4"
            }
        ]
    },
    {
        "id": 5,
        "price": 14.99,
        "category": "Stuffed Toys",
        "title": "Smiley Bear",
        "size": "small",
        "image": "https://media0.giphy.com/media/3fOl41t61VOKqzGniL/giphy.gif?cid=7e157c8b4vy4japri2c8f1kwqplxvrdql0lhsxtb4cghw4df&ep=v1_gifs_search&rid=giphy.gif&ct=g",
        "stock": -1,
        "links": [
            {
                "rel": "self",
                "href": "http://ec2-54-206-101-9.ap-southeast-2.compute.amazonaws.com:7081/toy/5"
            }
        ]
    },
    {
        "id": 6,
        "price": 10.99,
        "category": "Stuffed Toys",
        "title": "Funny Cow",
        "size": "small",
        "image": "https://media1.giphy.com/media/HkoG1DPZxbzHFaHruh/giphy.gif?cid=7e157c8bn7b726524hytxf0i20f47j980xiia493aa248tp5&ep=v1_gifs_search&rid=giphy.gif&ct=g",
        "stock": 0,
        "links": [
            {
                "rel": "self",
                "href": "http://ec2-54-206-101-9.ap-southeast-2.compute.amazonaws.com:7081/toy/6"
            }
        ]
    },
    {
        "id": 7,
        "price": 14.99,
        "category": "Stuffed Toys",
        "title": "Valentine Bear",
        "size": "small",
        "image": "https://media1.giphy.com/media/dr9YCqXmpmrgnJKp5F/giphy.gif?cid=7e157c8b437ezi32lcnrblpbv253r45mfu90tl27zvprz66p&ep=v1_gifs_search&rid=giphy.gif&ct=g",
        "stock": 0,
        "links": [
            {
                "rel": "self",
                "href": "http://ec2-54-206-101-9.ap-southeast-2.compute.amazonaws.com:7081/toy/7"
            }
        ]
    },
    {
        "id": 8,
        "price": 9.99,
        "category": "Stuffed Toys",
        "title": "Smiley Face",
        "size": "small",
        "image": "https://media3.giphy.com/media/NnlndgatpLBsOXR80L/giphy.gif?cid=7e157c8b86gqiprbqxh4i2lvhlo98ybuy5u9y8afvmywalar&ep=v1_gifs_search&rid=giphy.gif&ct=g",
        "stock": -11,
        "links": [
            {
                "rel": "self",
                "href": "http://ec2-54-206-101-9.ap-southeast-2.compute.amazonaws.com:7081/toy/8"
            }
        ]
    },
    {
        "id": 9,
        "price": 7.99,
        "category": "Stuffed Toys",
        "title": "Joker",
        "size": "small",
        "image": "https://media4.giphy.com/media/J5jiSSrEkV3Kd8iOwb/giphy.gif?cid=7e157c8bjkjqm0h1czmo5yyif4wxpwi5rw7dua1kpw500c7q&ep=v1_gifs_search&rid=giphy.gif&ct=g",
        "stock": -2,
        "links": [
            {
                "rel": "self",
                "href": "http://ec2-54-206-101-9.ap-southeast-2.compute.amazonaws.com:7081/toy/9"
            }
        ]
    },
    {
        "id": 36,
        "price": 0.02,
        "category": "string",
        "title": "string",
        "size": "string",
        "image": "string",
        "stock": 0,
        "links": [
            {
                "rel": "self",
                "href": "http://ec2-54-206-101-9.ap-southeast-2.compute.amazonaws.com:7081/toy/36"
            }
        ]
    },
    {
        "id": 37,
        "price": 11.02,
        "category": "Stuffed Toys",
        "title": "My Bear",
        "size": "small",
        "image": "https://media2.giphy.com/media/diAhf8bYer76E/giphy.gif?cid=7e157c8bevku94zx1gopjxuh56pj0tzq7cz7464cdclgujge&ep=v1_gifs_search&rid=giphy.gif&ct=g",
        "stock": 0,
        "links": [
            {
                "rel": "self",
                "href": "http://ec2-54-206-101-9.ap-southeast-2.compute.amazonaws.com:7081/toy/37"
            }
        ]
    },
    {
        "id": 46,
        "price": 11.02,
        "category": "Stuffed Toys",
        "title": "My Bear",
        "size": "small",
        "image": "https://media2.giphy.com/media/diAhf8bYer76E/giphy.gif?cid=7e157c8bevku94zx1gopjxuh56pj0tzq7cz7464cdclgujge&ep=v1_gifs_search&rid=giphy.gif&ct=g",
        "stock": 0,
        "links": [
            {
                "rel": "self",
                "href": "http://ec2-54-206-101-9.ap-southeast-2.compute.amazonaws.com:7081/toy/46"
            }
        ]
    },
    {
        "id": 69,
        "price": 19.99,
        "category": "Soft toys",
        "title": "Unicorn",
        "size": "small",
        "image": "https://i.pinimg.com/736x/7f/c2/34/7fc2344d4cde852dc0a2c148586645cb.jpg",
        "stock": 76,
        "links": [
            {
                "rel": "self",
                "href": "http://ec2-54-206-101-9.ap-southeast-2.compute.amazonaws.com:7081/toy/69"
            }
        ]
    },
    {
        "id": 580,
        "price": 25.0,
        "category": "Stuffed Toys",
        "title": "V_TestDeer",
        "size": "small",
        "image": null,
        "stock": 20,
        "links": [
            {
                "rel": "self",
                "href": "http://ec2-54-206-101-9.ap-southeast-2.compute.amazonaws.com:7081/toy/580"
            }
        ]
    },
    {
        "id": 697,
        "price": 10.99,
        "category": "Stuffed Toys",
        "title": "Stuffed Frog",
        "size": "small",
        "image": "https://media0.giphy.com/media/dvfDDBcbh5xAzExS1v/giphy.gif?cid=7e157c8bzlc87rxwqewb9aqwupmxzapmkpsa37aad4s486yz&rid=giphy.gif&ct=g",
        "stock": 1,
        "links": [
            {
                "rel": "self",
                "href": "http://ec2-54-206-101-9.ap-southeast-2.compute.amazonaws.com:7081/toy/697"
            }
        ]
    },
    {
        "id": 699,
        "price": 18.99,
        "category": "Stuffed toys",
        "title": "Test Toy_db",
        "size": "Small",
        "image": "",
        "stock": 10,
        "links": [
            {
                "rel": "self",
                "href": "http://ec2-54-206-101-9.ap-southeast-2.compute.amazonaws.com:7081/toy/699"
            }
        ]
    },
    {
        "id": 701,
        "price": 18.99,
        "category": "Stuffed toys",
        "title": "Test Toy_db",
        "size": "Small",
        "image": "",
        "stock": 10,
        "links": [
            {
                "rel": "self",
                "href": "http://ec2-54-206-101-9.ap-southeast-2.compute.amazonaws.com:7081/toy/701"
            }
        ]
    },
    {
        "id": 702,
        "price": 18.99,
        "category": "Stuffed toys",
        "title": "Test Toy_db",
        "size": "Small",
        "image": "",
        "stock": 10,
        "links": [
            {
                "rel": "self",
                "href": "http://ec2-54-206-101-9.ap-southeast-2.compute.amazonaws.com:7081/toy/702"
            }
        ]
    },
    {
        "id": 705,
        "price": 0.02,
        "category": "string",
        "title": "string",
        "size": "string",
        "image": "string",
        "stock": 0,
        "links": [
            {
                "rel": "self",
                "href": "http://ec2-54-206-101-9.ap-southeast-2.compute.amazonaws.com:7081/toy/705"
            }
        ]
    },
    {
        "id": 749,
        "price": 18.99,
        "category": "Stuffed toys",
        "title": "Test Toy_db",
        "size": "Small",
        "image": "",
        "stock": 10,
        "links": [
            {
                "rel": "self",
                "href": "http://ec2-54-206-101-9.ap-southeast-2.compute.amazonaws.com:7081/toy/749"
            }
        ]
    },
    {
        "id": 750,
        "price": 18.99,
        "category": "Stuffed toys",
        "title": "Test Toy_db",
        "size": "Small",
        "image": "",
        "stock": 10,
        "links": [
            {
                "rel": "self",
                "href": "http://ec2-54-206-101-9.ap-southeast-2.compute.amazonaws.com:7081/toy/750"
            }
        ]
    },
    {
        "id": 751,
        "price": 18.99,
        "category": "Stuffed toys",
        "title": "Test Toy_db",
        "size": "Small",
        "image": "",
        "stock": 10,
        "links": [
            {
                "rel": "self",
                "href": "http://ec2-54-206-101-9.ap-southeast-2.compute.amazonaws.com:7081/toy/751"
            }
        ]
    }
]
HTTP/1.1 200 
Vary: Origin
Vary: Access-Control-Request-Method
Vary: Access-Control-Request-Headers
X-Content-Type-Options: nosniff
X-XSS-Protection: 1; mode=block
Cache-Control: no-cache, no-store, max-age=0, must-revalidate
Pragma: no-cache
Expires: 0
X-Frame-Options: DENY
Content-Type: application/hal+json
Transfer-Encoding: chunked
Date: Mon, 22 May 2023 23:12:35 GMT
Keep-Alive: timeout=60
Connection: keep-alive

{
    "id": 69,
    "price": 19.99,
    "category": "Soft toys",
    "title": "Unicorn",
    "size": "small",
    "image": "https://i.pinimg.com/736x/7f/c2/34/7fc2344d4cde852dc0a2c148586645cb.jpg",
    "stock": 76,
    "_links": {
        "self": {
            "href": "http://ec2-54-206-101-9.ap-southeast-2.compute.amazonaws.com:7081/toy/69"
        }
    }
}
  &amp#27;[32mThen &amp#27;[0m&amp#27;[32mI can see correct quantity, product and subtotal are correct&amp#27;[0m            &amp#27;[90m# com.jupitertoys.stepDefinitions.CartPageSteps.iCanSeeCorrectQuantityAndProductPriceAreCorrect()&amp#27;[0m
  &amp#27;[32mWhen &amp#27;[0m&amp#27;[32mI do checkout&amp#27;[0m                                                           &amp#27;[90m# com.jupitertoys.stepDefinitions.CheckoutPageSteps.i_do_checkout()&amp#27;[0m
  &amp#27;[32mAnd &amp#27;[0m&amp#27;[32mI fill in contact details section in checkoutPage with following details&amp#27;[0m &amp#27;[90m# com.jupitertoys.stepDefinitions.CheckoutPageSteps.i_fill_in_contact_details_section_in_checkout_page_with_following_details(io.cucumber.datatable.DataTable)&amp#27;[0m
    | FirstName | LastName | Email          | TelephoneNo | Address    | Suburb   | State | PostCode |
    | John      | Doe      | John@gmail.com | 46786788    | 22/test Rd | Sunshine | VIC   | 1234     |
  &amp#27;[32mAnd &amp#27;[0m&amp#27;[32mI navigate to delivery details section&amp#27;[0m                                   &amp#27;[90m# com.jupitertoys.stepDefinitions.CheckoutPageSteps.i_navigate_to_delivery_details_section()&amp#27;[0m
  &amp#27;[32mAnd &amp#27;[0m&amp#27;[32mI provide Yes for Same as Contact Address field&amp#27;[0m                          &amp#27;[90m# com.jupitertoys.stepDefinitions.CheckoutPageSteps.i_provide_above_same_contact_details_for_delivery_details_section()&amp#27;[0m
  &amp#27;[32mThen &amp#27;[0m&amp#27;[32mI can see given contact details are filled as delivery details&amp#27;[0m          &amp#27;[90m# com.jupitertoys.stepDefinitions.CheckoutPageSteps.i_can_see_given_contact_details_are_filled_as_delivery_details()&amp#27;[0m
  &amp#27;[32mWhen &amp#27;[0m&amp#27;[32mI navigate to payment details section&amp#27;[0m                                   &amp#27;[90m# com.jupitertoys.stepDefinitions.CheckoutPageSteps.i_navigate_to_payment_details_section()&amp#27;[0m
  &amp#27;[32mAnd &amp#27;[0m&amp#27;[32mI fill payment detail section&amp#27;[0m                                            &amp#27;[90m# com.jupitertoys.stepDefinitions.CheckoutPageSteps.i_fill_payment_details()&amp#27;[0m
  &amp#27;[32mAnd &amp#27;[0m&amp#27;[32mI navigate to order confirmation details section&amp#27;[0m                         &amp#27;[90m# com.jupitertoys.stepDefinitions.CheckoutPageSteps.i_navigate_to_order_confirmation_section()&amp#27;[0m
  &amp#27;[32mAnd &amp#27;[0m&amp#27;[32mI submit the order&amp#27;[0m                                                       &amp#27;[90m# com.jupitertoys.stepDefinitions.CheckoutPageSteps.i_submit_the_order()&amp#27;[0m
fail msg is Payment Failed
  &amp#27;[32mThen &amp#27;[0m&amp#27;[32mI can see order getting unsuccessfull&amp#27;[0m                                   &amp#27;[90m# com.jupitertoys.stepDefinitions.CheckoutPageSteps.i_can_see_order_getting_unsuccessfull()&amp#27;[0m
]]></system-out>
    <system-err><![CDATA[SLF4J: No SLF4J providers were found.
SLF4J: Defaulting to no-operation (NOP) logger implementation
SLF4J: See https://www.slf4j.org/codes.html#noProviders for further details.
Starting ChromeDriver 113.0.5672.63 (0e1a4471d5ae5bf128b1bd8f4d627c8cbd55f70c-refs/branch-heads/5672@{#912}) on port 7018
Only local connections are allowed.
Please see https://chromedriver.chromium.org/security-considerations for suggestions on keeping ChromeDriver safe.
ChromeDriver was started successfully.
May 23, 2023 9:12:27 AM org.openqa.selenium.devtools.CdpVersionFinder findNearestMatch
WARNING: Unable to find an exact match for CDP version 113, so returning the closest version found: 111
]]></system-err>
  </testcase>
</testsuite>